<?xml version="1.0" encoding="UTF-8"?>
<testsuite xmlns:xsi="http://www.w3.org/2001/XMLSchema-instance" xsi:noNamespaceSchemaLocation="https://maven.apache.org/surefire/maven-surefire-plugin/xsd/surefire-test-report.xsd" name="TestRunner.TestRunner" time="65.358" tests="8" errors="0" skipped="0" failures="3">
  <properties>
    <property name="java.specification.version" value="15"/>
    <property name="sun.cpu.isalist" value="amd64"/>
    <property name="sun.jnu.encoding" value="Cp1252"/>
    <property name="java.class.path" value="C:\Users\Muharam\IdeaProjects\MuharamAutomationTsting\target\test-classes;C:\Users\Muharam\IdeaProjects\MuharamAutomationTsting\target\classes;C:\Users\Muharam\.m2\repository\io\cucumber\cucumber-java\7.14.0\cucumber-java-7.14.0.jar;C:\Users\Muharam\.m2\repository\io\cucumber\cucumber-core\7.14.0\cucumber-core-7.14.0.jar;C:\Users\Muharam\.m2\repository\io\cucumber\cucumber-gherkin\7.14.0\cucumber-gherkin-7.14.0.jar;C:\Users\Muharam\.m2\repository\io\cucumber\cucumber-gherkin-messages\7.14.0\cucumber-gherkin-messages-7.14.0.jar;C:\Users\Muharam\.m2\repository\io\cucumber\gherkin\26.2.0\gherkin-26.2.0.jar;C:\Users\Muharam\.m2\repository\io\cucumber\messages\22.0.0\messages-22.0.0.jar;C:\Users\Muharam\.m2\repository\io\cucumber\tag-expressions\5.0.6\tag-expressions-5.0.6.jar;C:\Users\Muharam\.m2\repository\io\cucumber\cucumber-expressions\16.1.2\cucumber-expressions-16.1.2.jar;C:\Users\Muharam\.m2\repository\io\cucumber\datatable\7.14.0\datatable-7.14.0.jar;C:\Users\Muharam\.m2\repository\io\cucumber\cucumber-plugin\7.14.0\cucumber-plugin-7.14.0.jar;C:\Users\Muharam\.m2\repository\io\cucumber\docstring\7.14.0\docstring-7.14.0.jar;C:\Users\Muharam\.m2\repository\io\cucumber\html-formatter\20.4.0\html-formatter-20.4.0.jar;C:\Users\Muharam\.m2\repository\io\cucumber\junit-xml-formatter\0.2.0\junit-xml-formatter-0.2.0.jar;C:\Users\Muharam\.m2\repository\io\cucumber\ci-environment\9.2.0\ci-environment-9.2.0.jar;C:\Users\Muharam\.m2\repository\org\apiguardian\apiguardian-api\1.1.2\apiguardian-api-1.1.2.jar;C:\Users\Muharam\.m2\repository\io\cucumber\cucumber-junit\7.14.0\cucumber-junit-7.14.0.jar;C:\Users\Muharam\.m2\repository\junit\junit\4.13.2\junit-4.13.2.jar;C:\Users\Muharam\.m2\repository\org\hamcrest\hamcrest-core\1.3\hamcrest-core-1.3.jar;C:\Users\Muharam\.m2\repository\org\seleniumhq\selenium\selenium-java\4.14.1\selenium-java-4.14.1.jar;C:\Users\Muharam\.m2\repository\org\seleniumhq\selenium\selenium-chrome-driver\4.14.1\selenium-chrome-driver-4.14.1.jar;C:\Users\Muharam\.m2\repository\com\google\auto\service\auto-service-annotations\1.1.1\auto-service-annotations-1.1.1.jar;C:\Users\Muharam\.m2\repository\com\google\guava\guava\32.1.2-jre\guava-32.1.2-jre.jar;C:\Users\Muharam\.m2\repository\com\google\guava\failureaccess\1.0.1\failureaccess-1.0.1.jar;C:\Users\Muharam\.m2\repository\com\google\guava\listenablefuture\9999.0-empty-to-avoid-conflict-with-guava\listenablefuture-9999.0-empty-to-avoid-conflict-with-guava.jar;C:\Users\Muharam\.m2\repository\com\google\code\findbugs\jsr305\3.0.2\jsr305-3.0.2.jar;C:\Users\Muharam\.m2\repository\org\checkerframework\checker-qual\3.33.0\checker-qual-3.33.0.jar;C:\Users\Muharam\.m2\repository\com\google\errorprone\error_prone_annotations\2.18.0\error_prone_annotations-2.18.0.jar;C:\Users\Muharam\.m2\repository\com\google\j2objc\j2objc-annotations\2.8\j2objc-annotations-2.8.jar;C:\Users\Muharam\.m2\repository\org\seleniumhq\selenium\selenium-chromium-driver\4.14.1\selenium-chromium-driver-4.14.1.jar;C:\Users\Muharam\.m2\repository\org\seleniumhq\selenium\selenium-json\4.14.1\selenium-json-4.14.1.jar;C:\Users\Muharam\.m2\repository\org\seleniumhq\selenium\selenium-manager\4.14.1\selenium-manager-4.14.1.jar;C:\Users\Muharam\.m2\repository\org\seleniumhq\selenium\selenium-devtools-v116\4.14.1\selenium-devtools-v116-4.14.1.jar;C:\Users\Muharam\.m2\repository\org\seleniumhq\selenium\selenium-devtools-v117\4.14.1\selenium-devtools-v117-4.14.1.jar;C:\Users\Muharam\.m2\repository\org\seleniumhq\selenium\selenium-devtools-v118\4.14.1\selenium-devtools-v118-4.14.1.jar;C:\Users\Muharam\.m2\repository\org\seleniumhq\selenium\selenium-devtools-v85\4.14.1\selenium-devtools-v85-4.14.1.jar;C:\Users\Muharam\.m2\repository\org\seleniumhq\selenium\selenium-edge-driver\4.14.1\selenium-edge-driver-4.14.1.jar;C:\Users\Muharam\.m2\repository\org\seleniumhq\selenium\selenium-firefox-driver\4.14.1\selenium-firefox-driver-4.14.1.jar;C:\Users\Muharam\.m2\repository\org\seleniumhq\selenium\selenium-http\4.14.1\selenium-http-4.14.1.jar;C:\Users\Muharam\.m2\repository\dev\failsafe\failsafe\3.3.2\failsafe-3.3.2.jar;C:\Users\Muharam\.m2\repository\org\seleniumhq\selenium\selenium-ie-driver\4.14.1\selenium-ie-driver-4.14.1.jar;C:\Users\Muharam\.m2\repository\org\seleniumhq\selenium\selenium-remote-driver\4.14.1\selenium-remote-driver-4.14.1.jar;C:\Users\Muharam\.m2\repository\io\opentelemetry\opentelemetry-api\1.28.0\opentelemetry-api-1.28.0.jar;C:\Users\Muharam\.m2\repository\io\opentelemetry\opentelemetry-context\1.28.0\opentelemetry-context-1.28.0.jar;C:\Users\Muharam\.m2\repository\io\opentelemetry\opentelemetry-exporter-logging\1.28.0\opentelemetry-exporter-logging-1.28.0.jar;C:\Users\Muharam\.m2\repository\io\opentelemetry\opentelemetry-sdk-metrics\1.28.0\opentelemetry-sdk-metrics-1.28.0.jar;C:\Users\Muharam\.m2\repository\io\opentelemetry\opentelemetry-extension-incubator\1.28.0-alpha\opentelemetry-extension-incubator-1.28.0-alpha.jar;C:\Users\Muharam\.m2\repository\io\opentelemetry\opentelemetry-sdk-logs\1.28.0\opentelemetry-sdk-logs-1.28.0.jar;C:\Users\Muharam\.m2\repository\io\opentelemetry\opentelemetry-sdk-common\1.28.0\opentelemetry-sdk-common-1.28.0.jar;C:\Users\Muharam\.m2\repository\io\opentelemetry\opentelemetry-sdk-extension-autoconfigure-spi\1.28.0\opentelemetry-sdk-extension-autoconfigure-spi-1.28.0.jar;C:\Users\Muharam\.m2\repository\io\opentelemetry\opentelemetry-sdk-extension-autoconfigure\1.28.0\opentelemetry-sdk-extension-autoconfigure-1.28.0.jar;C:\Users\Muharam\.m2\repository\io\opentelemetry\opentelemetry-api-events\1.28.0-alpha\opentelemetry-api-events-1.28.0-alpha.jar;C:\Users\Muharam\.m2\repository\io\opentelemetry\opentelemetry-sdk-trace\1.28.0\opentelemetry-sdk-trace-1.28.0.jar;C:\Users\Muharam\.m2\repository\io\opentelemetry\opentelemetry-sdk\1.28.0\opentelemetry-sdk-1.28.0.jar;C:\Users\Muharam\.m2\repository\io\opentelemetry\opentelemetry-semconv\1.28.0-alpha\opentelemetry-semconv-1.28.0-alpha.jar;C:\Users\Muharam\.m2\repository\net\bytebuddy\byte-buddy\1.14.5\byte-buddy-1.14.5.jar;C:\Users\Muharam\.m2\repository\org\seleniumhq\selenium\selenium-os\4.14.1\selenium-os-4.14.1.jar;C:\Users\Muharam\.m2\repository\org\apache\commons\commons-exec\1.3\commons-exec-1.3.jar;C:\Users\Muharam\.m2\repository\org\seleniumhq\selenium\selenium-safari-driver\4.14.1\selenium-safari-driver-4.14.1.jar;C:\Users\Muharam\.m2\repository\org\seleniumhq\selenium\selenium-support\4.14.1\selenium-support-4.14.1.jar;C:\Users\Muharam\.m2\repository\org\junit\vintage\junit-vintage-engine\5.10.0\junit-vintage-engine-5.10.0.jar;C:\Users\Muharam\.m2\repository\org\junit\platform\junit-platform-engine\1.10.0\junit-platform-engine-1.10.0.jar;C:\Users\Muharam\.m2\repository\org\opentest4j\opentest4j\1.3.0\opentest4j-1.3.0.jar;C:\Users\Muharam\.m2\repository\org\junit\platform\junit-platform-commons\1.10.0\junit-platform-commons-1.10.0.jar;C:\Users\Muharam\.m2\repository\io\github\bonigarcia\webdrivermanager\5.5.3\webdrivermanager-5.5.3.jar;C:\Users\Muharam\.m2\repository\org\slf4j\slf4j-api\2.0.7\slf4j-api-2.0.7.jar;C:\Users\Muharam\.m2\repository\com\google\code\gson\gson\2.10.1\gson-2.10.1.jar;C:\Users\Muharam\.m2\repository\com\github\docker-java\docker-java\3.3.3\docker-java-3.3.3.jar;C:\Users\Muharam\.m2\repository\com\github\docker-java\docker-java-core\3.3.3\docker-java-core-3.3.3.jar;C:\Users\Muharam\.m2\repository\com\github\docker-java\docker-java-api\3.3.3\docker-java-api-3.3.3.jar;C:\Users\Muharam\.m2\repository\org\apache\commons\commons-compress\1.21\commons-compress-1.21.jar;C:\Users\Muharam\.m2\repository\org\bouncycastle\bcpkix-jdk18on\1.75\bcpkix-jdk18on-1.75.jar;C:\Users\Muharam\.m2\repository\org\bouncycastle\bcprov-jdk18on\1.75\bcprov-jdk18on-1.75.jar;C:\Users\Muharam\.m2\repository\org\bouncycastle\bcutil-jdk18on\1.75\bcutil-jdk18on-1.75.jar;C:\Users\Muharam\.m2\repository\org\slf4j\jcl-over-slf4j\1.7.30\jcl-over-slf4j-1.7.30.jar;C:\Users\Muharam\.m2\repository\com\github\docker-java\docker-java-transport-httpclient5\3.3.3\docker-java-transport-httpclient5-3.3.3.jar;C:\Users\Muharam\.m2\repository\com\github\docker-java\docker-java-transport\3.3.3\docker-java-transport-3.3.3.jar;C:\Users\Muharam\.m2\repository\net\java\dev\jna\jna\5.12.1\jna-5.12.1.jar;C:\Users\Muharam\.m2\repository\org\brotli\dec\0.1.2\dec-0.1.2.jar;C:\Users\Muharam\.m2\repository\org\apache\commons\commons-lang3\3.13.0\commons-lang3-3.13.0.jar;C:\Users\Muharam\.m2\repository\org\apache\httpcomponents\client5\httpclient5\5.2.1\httpclient5-5.2.1.jar;C:\Users\Muharam\.m2\repository\org\apache\httpcomponents\core5\httpcore5\5.2\httpcore5-5.2.jar;C:\Users\Muharam\.m2\repository\org\apache\httpcomponents\core5\httpcore5-h2\5.2\httpcore5-h2-5.2.jar;C:\Users\Muharam\.m2\repository\org\seleniumhq\selenium\selenium-api\4.14.1\selenium-api-4.14.1.jar;C:\Users\Muharam\.m2\repository\net\masterthought\maven-cucumber-reporting\5.7.6\maven-cucumber-reporting-5.7.6.jar;C:\Users\Muharam\.m2\repository\commons-collections\commons-collections\3.2.2\commons-collections-3.2.2.jar;C:\Users\Muharam\.m2\repository\net\masterthought\cucumber-reporting\5.7.6\cucumber-reporting-5.7.6.jar;C:\Users\Muharam\.m2\repository\com\fasterxml\jackson\core\jackson-databind\2.13.2.2\jackson-databind-2.13.2.2.jar;C:\Users\Muharam\.m2\repository\com\fasterxml\jackson\core\jackson-annotations\2.13.2\jackson-annotations-2.13.2.jar;C:\Users\Muharam\.m2\repository\com\fasterxml\jackson\core\jackson-core\2.13.2\jackson-core-2.13.2.jar;C:\Users\Muharam\.m2\repository\com\fasterxml\jackson\datatype\jackson-datatype-jsr310\2.13.2\jackson-datatype-jsr310-2.13.2.jar;C:\Users\Muharam\.m2\repository\org\apache\velocity\velocity-engine-core\2.3\velocity-engine-core-2.3.jar;C:\Users\Muharam\.m2\repository\joda-time\joda-time\2.12.2\joda-time-2.12.2.jar;C:\Users\Muharam\.m2\repository\commons-io\commons-io\2.7\commons-io-2.7.jar;C:\Users\Muharam\.m2\repository\org\codehaus\plexus\plexus-utils\3.5.1\plexus-utils-3.5.1.jar;C:\Users\Muharam\.m2\repository\org\jsoup\jsoup\1.16.1\jsoup-1.16.1.jar;C:\Users\Muharam\.m2\repository\com\googlecode\owasp-java-html-sanitizer\owasp-java-html-sanitizer\20220608.1\owasp-java-html-sanitizer-20220608.1.jar;C:\Users\Muharam\.m2\repository\commons-configuration\commons-configuration\1.10\commons-configuration-1.10.jar;C:\Users\Muharam\.m2\repository\commons-lang\commons-lang\2.6\commons-lang-2.6.jar;C:\Users\Muharam\.m2\repository\commons-logging\commons-logging\1.1.1\commons-logging-1.1.1.jar;"/>
    <property name="java.vm.vendor" value="Oracle Corporation"/>
    <property name="sun.arch.data.model" value="64"/>
    <property name="user.variant" value=""/>
    <property name="java.vendor.url" value="https://java.oracle.com/"/>
    <property name="user.timezone" value="Asia/Jakarta"/>
    <property name="os.name" value="Windows 10"/>
    <property name="java.vm.specification.version" value="15"/>
    <property name="sun.java.launcher" value="SUN_STANDARD"/>
    <property name="user.country" value="ID"/>
    <property name="sun.boot.library.path" value="C:\Program Files\Java\jdk-15.0.2\bin"/>
    <property name="sun.java.command" value="C:\Users\Muharam\AppData\Local\Temp\surefire6279962237744548747\surefirebooter641874793093469006.jar C:\Users\Muharam\AppData\Local\Temp\surefire6279962237744548747 2023-10-22T23-18-45_126-jvmRun1 surefire7459230632479174373tmp surefire_010855456794613699147tmp"/>
    <property name="jdk.debug" value="release"/>
    <property name="surefire.test.class.path" value="C:\Users\Muharam\IdeaProjects\MuharamAutomationTsting\target\test-classes;C:\Users\Muharam\IdeaProjects\MuharamAutomationTsting\target\classes;C:\Users\Muharam\.m2\repository\io\cucumber\cucumber-java\7.14.0\cucumber-java-7.14.0.jar;C:\Users\Muharam\.m2\repository\io\cucumber\cucumber-core\7.14.0\cucumber-core-7.14.0.jar;C:\Users\Muharam\.m2\repository\io\cucumber\cucumber-gherkin\7.14.0\cucumber-gherkin-7.14.0.jar;C:\Users\Muharam\.m2\repository\io\cucumber\cucumber-gherkin-messages\7.14.0\cucumber-gherkin-messages-7.14.0.jar;C:\Users\Muharam\.m2\repository\io\cucumber\gherkin\26.2.0\gherkin-26.2.0.jar;C:\Users\Muharam\.m2\repository\io\cucumber\messages\22.0.0\messages-22.0.0.jar;C:\Users\Muharam\.m2\repository\io\cucumber\tag-expressions\5.0.6\tag-expressions-5.0.6.jar;C:\Users\Muharam\.m2\repository\io\cucumber\cucumber-expressions\16.1.2\cucumber-expressions-16.1.2.jar;C:\Users\Muharam\.m2\repository\io\cucumber\datatable\7.14.0\datatable-7.14.0.jar;C:\Users\Muharam\.m2\repository\io\cucumber\cucumber-plugin\7.14.0\cucumber-plugin-7.14.0.jar;C:\Users\Muharam\.m2\repository\io\cucumber\docstring\7.14.0\docstring-7.14.0.jar;C:\Users\Muharam\.m2\repository\io\cucumber\html-formatter\20.4.0\html-formatter-20.4.0.jar;C:\Users\Muharam\.m2\repository\io\cucumber\junit-xml-formatter\0.2.0\junit-xml-formatter-0.2.0.jar;C:\Users\Muharam\.m2\repository\io\cucumber\ci-environment\9.2.0\ci-environment-9.2.0.jar;C:\Users\Muharam\.m2\repository\org\apiguardian\apiguardian-api\1.1.2\apiguardian-api-1.1.2.jar;C:\Users\Muharam\.m2\repository\io\cucumber\cucumber-junit\7.14.0\cucumber-junit-7.14.0.jar;C:\Users\Muharam\.m2\repository\junit\junit\4.13.2\junit-4.13.2.jar;C:\Users\Muharam\.m2\repository\org\hamcrest\hamcrest-core\1.3\hamcrest-core-1.3.jar;C:\Users\Muharam\.m2\repository\org\seleniumhq\selenium\selenium-java\4.14.1\selenium-java-4.14.1.jar;C:\Users\Muharam\.m2\repository\org\seleniumhq\selenium\selenium-chrome-driver\4.14.1\selenium-chrome-driver-4.14.1.jar;C:\Users\Muharam\.m2\repository\com\google\auto\service\auto-service-annotations\1.1.1\auto-service-annotations-1.1.1.jar;C:\Users\Muharam\.m2\repository\com\google\guava\guava\32.1.2-jre\guava-32.1.2-jre.jar;C:\Users\Muharam\.m2\repository\com\google\guava\failureaccess\1.0.1\failureaccess-1.0.1.jar;C:\Users\Muharam\.m2\repository\com\google\guava\listenablefuture\9999.0-empty-to-avoid-conflict-with-guava\listenablefuture-9999.0-empty-to-avoid-conflict-with-guava.jar;C:\Users\Muharam\.m2\repository\com\google\code\findbugs\jsr305\3.0.2\jsr305-3.0.2.jar;C:\Users\Muharam\.m2\repository\org\checkerframework\checker-qual\3.33.0\checker-qual-3.33.0.jar;C:\Users\Muharam\.m2\repository\com\google\errorprone\error_prone_annotations\2.18.0\error_prone_annotations-2.18.0.jar;C:\Users\Muharam\.m2\repository\com\google\j2objc\j2objc-annotations\2.8\j2objc-annotations-2.8.jar;C:\Users\Muharam\.m2\repository\org\seleniumhq\selenium\selenium-chromium-driver\4.14.1\selenium-chromium-driver-4.14.1.jar;C:\Users\Muharam\.m2\repository\org\seleniumhq\selenium\selenium-json\4.14.1\selenium-json-4.14.1.jar;C:\Users\Muharam\.m2\repository\org\seleniumhq\selenium\selenium-manager\4.14.1\selenium-manager-4.14.1.jar;C:\Users\Muharam\.m2\repository\org\seleniumhq\selenium\selenium-devtools-v116\4.14.1\selenium-devtools-v116-4.14.1.jar;C:\Users\Muharam\.m2\repository\org\seleniumhq\selenium\selenium-devtools-v117\4.14.1\selenium-devtools-v117-4.14.1.jar;C:\Users\Muharam\.m2\repository\org\seleniumhq\selenium\selenium-devtools-v118\4.14.1\selenium-devtools-v118-4.14.1.jar;C:\Users\Muharam\.m2\repository\org\seleniumhq\selenium\selenium-devtools-v85\4.14.1\selenium-devtools-v85-4.14.1.jar;C:\Users\Muharam\.m2\repository\org\seleniumhq\selenium\selenium-edge-driver\4.14.1\selenium-edge-driver-4.14.1.jar;C:\Users\Muharam\.m2\repository\org\seleniumhq\selenium\selenium-firefox-driver\4.14.1\selenium-firefox-driver-4.14.1.jar;C:\Users\Muharam\.m2\repository\org\seleniumhq\selenium\selenium-http\4.14.1\selenium-http-4.14.1.jar;C:\Users\Muharam\.m2\repository\dev\failsafe\failsafe\3.3.2\failsafe-3.3.2.jar;C:\Users\Muharam\.m2\repository\org\seleniumhq\selenium\selenium-ie-driver\4.14.1\selenium-ie-driver-4.14.1.jar;C:\Users\Muharam\.m2\repository\org\seleniumhq\selenium\selenium-remote-driver\4.14.1\selenium-remote-driver-4.14.1.jar;C:\Users\Muharam\.m2\repository\io\opentelemetry\opentelemetry-api\1.28.0\opentelemetry-api-1.28.0.jar;C:\Users\Muharam\.m2\repository\io\opentelemetry\opentelemetry-context\1.28.0\opentelemetry-context-1.28.0.jar;C:\Users\Muharam\.m2\repository\io\opentelemetry\opentelemetry-exporter-logging\1.28.0\opentelemetry-exporter-logging-1.28.0.jar;C:\Users\Muharam\.m2\repository\io\opentelemetry\opentelemetry-sdk-metrics\1.28.0\opentelemetry-sdk-metrics-1.28.0.jar;C:\Users\Muharam\.m2\repository\io\opentelemetry\opentelemetry-extension-incubator\1.28.0-alpha\opentelemetry-extension-incubator-1.28.0-alpha.jar;C:\Users\Muharam\.m2\repository\io\opentelemetry\opentelemetry-sdk-logs\1.28.0\opentelemetry-sdk-logs-1.28.0.jar;C:\Users\Muharam\.m2\repository\io\opentelemetry\opentelemetry-sdk-common\1.28.0\opentelemetry-sdk-common-1.28.0.jar;C:\Users\Muharam\.m2\repository\io\opentelemetry\opentelemetry-sdk-extension-autoconfigure-spi\1.28.0\opentelemetry-sdk-extension-autoconfigure-spi-1.28.0.jar;C:\Users\Muharam\.m2\repository\io\opentelemetry\opentelemetry-sdk-extension-autoconfigure\1.28.0\opentelemetry-sdk-extension-autoconfigure-1.28.0.jar;C:\Users\Muharam\.m2\repository\io\opentelemetry\opentelemetry-api-events\1.28.0-alpha\opentelemetry-api-events-1.28.0-alpha.jar;C:\Users\Muharam\.m2\repository\io\opentelemetry\opentelemetry-sdk-trace\1.28.0\opentelemetry-sdk-trace-1.28.0.jar;C:\Users\Muharam\.m2\repository\io\opentelemetry\opentelemetry-sdk\1.28.0\opentelemetry-sdk-1.28.0.jar;C:\Users\Muharam\.m2\repository\io\opentelemetry\opentelemetry-semconv\1.28.0-alpha\opentelemetry-semconv-1.28.0-alpha.jar;C:\Users\Muharam\.m2\repository\net\bytebuddy\byte-buddy\1.14.5\byte-buddy-1.14.5.jar;C:\Users\Muharam\.m2\repository\org\seleniumhq\selenium\selenium-os\4.14.1\selenium-os-4.14.1.jar;C:\Users\Muharam\.m2\repository\org\apache\commons\commons-exec\1.3\commons-exec-1.3.jar;C:\Users\Muharam\.m2\repository\org\seleniumhq\selenium\selenium-safari-driver\4.14.1\selenium-safari-driver-4.14.1.jar;C:\Users\Muharam\.m2\repository\org\seleniumhq\selenium\selenium-support\4.14.1\selenium-support-4.14.1.jar;C:\Users\Muharam\.m2\repository\org\junit\vintage\junit-vintage-engine\5.10.0\junit-vintage-engine-5.10.0.jar;C:\Users\Muharam\.m2\repository\org\junit\platform\junit-platform-engine\1.10.0\junit-platform-engine-1.10.0.jar;C:\Users\Muharam\.m2\repository\org\opentest4j\opentest4j\1.3.0\opentest4j-1.3.0.jar;C:\Users\Muharam\.m2\repository\org\junit\platform\junit-platform-commons\1.10.0\junit-platform-commons-1.10.0.jar;C:\Users\Muharam\.m2\repository\io\github\bonigarcia\webdrivermanager\5.5.3\webdrivermanager-5.5.3.jar;C:\Users\Muharam\.m2\repository\org\slf4j\slf4j-api\2.0.7\slf4j-api-2.0.7.jar;C:\Users\Muharam\.m2\repository\com\google\code\gson\gson\2.10.1\gson-2.10.1.jar;C:\Users\Muharam\.m2\repository\com\github\docker-java\docker-java\3.3.3\docker-java-3.3.3.jar;C:\Users\Muharam\.m2\repository\com\github\docker-java\docker-java-core\3.3.3\docker-java-core-3.3.3.jar;C:\Users\Muharam\.m2\repository\com\github\docker-java\docker-java-api\3.3.3\docker-java-api-3.3.3.jar;C:\Users\Muharam\.m2\repository\org\apache\commons\commons-compress\1.21\commons-compress-1.21.jar;C:\Users\Muharam\.m2\repository\org\bouncycastle\bcpkix-jdk18on\1.75\bcpkix-jdk18on-1.75.jar;C:\Users\Muharam\.m2\repository\org\bouncycastle\bcprov-jdk18on\1.75\bcprov-jdk18on-1.75.jar;C:\Users\Muharam\.m2\repository\org\bouncycastle\bcutil-jdk18on\1.75\bcutil-jdk18on-1.75.jar;C:\Users\Muharam\.m2\repository\org\slf4j\jcl-over-slf4j\1.7.30\jcl-over-slf4j-1.7.30.jar;C:\Users\Muharam\.m2\repository\com\github\docker-java\docker-java-transport-httpclient5\3.3.3\docker-java-transport-httpclient5-3.3.3.jar;C:\Users\Muharam\.m2\repository\com\github\docker-java\docker-java-transport\3.3.3\docker-java-transport-3.3.3.jar;C:\Users\Muharam\.m2\repository\net\java\dev\jna\jna\5.12.1\jna-5.12.1.jar;C:\Users\Muharam\.m2\repository\org\brotli\dec\0.1.2\dec-0.1.2.jar;C:\Users\Muharam\.m2\repository\org\apache\commons\commons-lang3\3.13.0\commons-lang3-3.13.0.jar;C:\Users\Muharam\.m2\repository\org\apache\httpcomponents\client5\httpclient5\5.2.1\httpclient5-5.2.1.jar;C:\Users\Muharam\.m2\repository\org\apache\httpcomponents\core5\httpcore5\5.2\httpcore5-5.2.jar;C:\Users\Muharam\.m2\repository\org\apache\httpcomponents\core5\httpcore5-h2\5.2\httpcore5-h2-5.2.jar;C:\Users\Muharam\.m2\repository\org\seleniumhq\selenium\selenium-api\4.14.1\selenium-api-4.14.1.jar;C:\Users\Muharam\.m2\repository\net\masterthought\maven-cucumber-reporting\5.7.6\maven-cucumber-reporting-5.7.6.jar;C:\Users\Muharam\.m2\repository\commons-collections\commons-collections\3.2.2\commons-collections-3.2.2.jar;C:\Users\Muharam\.m2\repository\net\masterthought\cucumber-reporting\5.7.6\cucumber-reporting-5.7.6.jar;C:\Users\Muharam\.m2\repository\com\fasterxml\jackson\core\jackson-databind\2.13.2.2\jackson-databind-2.13.2.2.jar;C:\Users\Muharam\.m2\repository\com\fasterxml\jackson\core\jackson-annotations\2.13.2\jackson-annotations-2.13.2.jar;C:\Users\Muharam\.m2\repository\com\fasterxml\jackson\core\jackson-core\2.13.2\jackson-core-2.13.2.jar;C:\Users\Muharam\.m2\repository\com\fasterxml\jackson\datatype\jackson-datatype-jsr310\2.13.2\jackson-datatype-jsr310-2.13.2.jar;C:\Users\Muharam\.m2\repository\org\apache\velocity\velocity-engine-core\2.3\velocity-engine-core-2.3.jar;C:\Users\Muharam\.m2\repository\joda-time\joda-time\2.12.2\joda-time-2.12.2.jar;C:\Users\Muharam\.m2\repository\commons-io\commons-io\2.7\commons-io-2.7.jar;C:\Users\Muharam\.m2\repository\org\codehaus\plexus\plexus-utils\3.5.1\plexus-utils-3.5.1.jar;C:\Users\Muharam\.m2\repository\org\jsoup\jsoup\1.16.1\jsoup-1.16.1.jar;C:\Users\Muharam\.m2\repository\com\googlecode\owasp-java-html-sanitizer\owasp-java-html-sanitizer\20220608.1\owasp-java-html-sanitizer-20220608.1.jar;C:\Users\Muharam\.m2\repository\commons-configuration\commons-configuration\1.10\commons-configuration-1.10.jar;C:\Users\Muharam\.m2\repository\commons-lang\commons-lang\2.6\commons-lang-2.6.jar;C:\Users\Muharam\.m2\repository\commons-logging\commons-logging\1.1.1\commons-logging-1.1.1.jar;"/>
    <property name="sun.cpu.endian" value="little"/>
    <property name="user.home" value="C:\Users\Muharam"/>
    <property name="user.language" value="en"/>
    <property name="java.specification.vendor" value="Oracle Corporation"/>
    <property name="java.version.date" value="2021-01-19"/>
    <property name="java.home" value="C:\Program Files\Java\jdk-15.0.2"/>
    <property name="file.separator" value="\"/>
    <property name="basedir" value="C:\Users\Muharam\IdeaProjects\MuharamAutomationTsting"/>
    <property name="java.vm.compressedOopsMode" value="Zero based"/>
    <property name="line.separator" value="&#10;"/>
    <property name="java.vm.specification.vendor" value="Oracle Corporation"/>
    <property name="java.specification.name" value="Java Platform API Specification"/>
    <property name="surefire.real.class.path" value="C:\Users\Muharam\AppData\Local\Temp\surefire6279962237744548747\surefirebooter641874793093469006.jar"/>
    <property name="user.script" value=""/>
    <property name="sun.management.compiler" value="HotSpot 64-Bit Tiered Compilers"/>
    <property name="java.runtime.version" value="15.0.2+7-27"/>
    <property name="user.name" value="Muharam"/>
    <property name="path.separator" value=";"/>
    <property name="os.version" value="10.0"/>
    <property name="java.runtime.name" value="Java(TM) SE Runtime Environment"/>
    <property name="file.encoding" value="Cp1252"/>
    <property name="java.vm.name" value="Java HotSpot(TM) 64-Bit Server VM"/>
    <property name="localRepository" value="C:\Users\Muharam\.m2\repository"/>
    <property name="java.vendor.url.bug" value="https://bugreport.java.com/bugreport/"/>
    <property name="java.io.tmpdir" value="C:\Users\Muharam\AppData\Local\Temp\"/>
    <property name="java.version" value="15.0.2"/>
    <property name="user.dir" value="C:\Users\Muharam\IdeaProjects\MuharamAutomationTsting"/>
    <property name="os.arch" value="amd64"/>
    <property name="java.vm.specification.name" value="Java Virtual Machine Specification"/>
    <property name="sun.os.patch.level" value=""/>
    <property name="java.library.path" value="C:\Program Files\Java\jdk-15.0.2\bin;C:\WINDOWS\Sun\Java\bin;C:\WINDOWS\system32;C:\WINDOWS;C:\Users\Muharam\anaconda3;C:\Users\Muharam\anaconda3\Library\mingw-w64\bin;C:\Users\Muharam\anaconda3\Library\usr\bin;C:\Users\Muharam\anaconda3\Library\bin;C:\Users\Muharam\anaconda3\Scripts;C:\Users\Muharam\anaconda3\bin;C:\Users\Muharam\anaconda3\condabin;C:\Program Files\Java\jdk-15.0.2\bin;C:\Program Files\Microsoft\jdk-11.0.16.101-hotspot;C:\Program Files\Common Files\Oracle\Java;C:\Windows\system32;C:\Windows;C:\Windows\System32\Wbem;C:\Windows\System32\WindowsPowerShell\v1.0;C:\Windows\System32\OpenSSH;C:\Program Files (x86)\NVIDIA Corporation\PhysX\Common;C:\Program Files\PuTTY;C:\ProgramData\ComposerSetup\bin;C:\Program Files\nodejs;C:\WINDOWS\system32;C:\WINDOWS;C:\WINDOWS\System32\Wbem;C:\WINDOWS\System32\WindowsPowerShell\v1.0;C:\WINDOWS\System32\OpenSSH;C:\src\flutter\bin;C:\ProgramData\chocolatey\bin;C:\nodejs;C:\Program Files\Go\bin;C:\Users\Muharam\anaconda3\Scripts;C:\Users\Muharam\anaconda3;C:\Program Files\Docker\Docker\resources\bin;C:\tools\gsudo\Current;C:\Program Files\DDEV;C:\Program Files\Git\cmd;M:\LEARN\MONGODB\install-manual\mongosh-1.10.6\bin\mongosh.exe;C:\xampp\php\php.exe;C:\Users\Muharam\AppData\Local\Android\Sdk\tools;C:\Users\Muharam\AppData\Local\Android\Sdk\build-tools;C:\Users\Muharam\AppData\Local\Android\Sdk\platform-tools;C:\Users\Muharam\AppData\Local\Android\Sdk\tools\bin;C:\Users\Muharam\AppData\Local\Android\Sdk\emulator;M:\BAPPENAS\DATA\Dokumen Muharam\DTS KOMINFO\PELATIHAN QA\DEPENDENCY\apache-maven-3.9.5\bin;M:\BAPPENAS\DATA\Dokumen Muharam\DTS KOMINFO\PELATIHAN QA\DEPENDENCY\chromedriver_win32;C:\Users\Muharam\AppData\Local\Programs\Python\Python311\Scripts;C:\Users\Muharam\AppData\Local\Programs\Python\Python311;C:\Users\Muharam\AppData\Local\Microsoft\WindowsApps;C:\Users\Muharam\AppData\Roaming\Composer\vendor\bin;C:\Program Files\nodejs;C:\src\flutter\bin;C:\Users\Muharam\AppData\Local\Programs\Microsoft VS Code\bin;C:\tools\dart-sdk\bin;C:\Users\Muharam\AppData\Roaming\Pub\Cache\bin;C:\Users\Muharam\AppData\Roaming\npm;C:\Users\Muharam\go\bin;C:\Users\Muharam\AppData\Local\Programs\mongosh;C:\Users\Muharam\anaconda3\Scripts;C:\Users\Muharam\anaconda3;C:\xampp\php;.;."/>
    <property name="java.vm.info" value="mixed mode, sharing"/>
    <property name="java.vendor" value="Oracle Corporation"/>
    <property name="java.vm.version" value="15.0.2+7-27"/>
    <property name="sun.io.unicode.encoding" value="UnicodeLittle"/>
    <property name="java.class.version" value="59.0"/>
  </properties>
  <testcase name="Add two item to cart" classname="TestRunner.TestRunner" time="8.693"/>
  <testcase name="Add more than 2 item to cart" classname="TestRunner.TestRunner" time="5.48">
    <failure message="expected:&lt;[4]&gt; but was:&lt;[3]&gt;" type="org.junit.ComparisonFailure"><![CDATA[org.junit.ComparisonFailure: expected:<[4]> but was:<[3]>
]]></failure>
    <system-out><![CDATA[
Scenario: Add more than 2 item to cart                                &amp#27;[90m# src/test/resources/Features/AddItem.feature:13&amp#27;[0m
  &amp#27;[32mGiven &amp#27;[0m&amp#27;[32mI open browser for cart scenario&amp#27;[0m                              &amp#27;[90m# StepDef.AddItem.i_open_browser_for_cart_scenario()&amp#27;[0m
  &amp#27;[32mAnd &amp#27;[0m&amp#27;[32mOpen website saucedemo for cart scenario&amp#27;[0m                        &amp#27;[90m# StepDef.AddItem.open_website_saucedemo_for_cart_scenario()&amp#27;[0m
  &amp#27;[32mAnd &amp#27;[0m&amp#27;[32mLocated on saucedemo website for cart scenario&amp#27;[0m                  &amp#27;[90m# StepDef.AddItem.located_on_saucedemo_website_for_cart_scenario()&amp#27;[0m
  &amp#27;[32mAnd &amp#27;[0m&amp#27;[32mI input valid username for cart scenario&amp#27;[0m                        &amp#27;[90m# StepDef.AddItem.i_input_valid_username_for_cart_scenario()&amp#27;[0m
  &amp#27;[32mAnd &amp#27;[0m&amp#27;[32mAnd I input valid password for cart scenario&amp#27;[0m                    &amp#27;[90m# StepDef.AddItem.and_i_input_valid_password_for_cart_scenario()&amp#27;[0m
  &amp#27;[32mGiven &amp#27;[0m&amp#27;[32mI catalog product&amp#27;[0m                                             &amp#27;[90m# StepDef.AddItem.i_catalog_product()&amp#27;[0m
  &amp#27;[32mAnd &amp#27;[0m&amp#27;[32mI add first product again to cart&amp#27;[0m                               &amp#27;[90m# StepDef.AddItem.i_add_first_product_again_to_cart()&amp#27;[0m
  &amp#27;[32mAnd &amp#27;[0m&amp#27;[32mI add second product again to cart&amp#27;[0m                              &amp#27;[90m# StepDef.AddItem.i_add_second_product_again_to_cart()&amp#27;[0m
  &amp#27;[32mAnd &amp#27;[0m&amp#27;[32mI add third product to cart&amp#27;[0m                                     &amp#27;[90m# StepDef.AddItem.i_add_third_product_to_cart()&amp#27;[0m
  &amp#27;[32mAnd &amp#27;[0m&amp#27;[32mI add fourth product to cart&amp#27;[0m                                    &amp#27;[90m# StepDef.AddItem.i_add_fourth_product_to_cart()&amp#27;[0m
  &amp#27;[31mThen &amp#27;[0m&amp#27;[31mI should see amount items on cart icon after i add 2 items &amp#27;[0m&amp#27;[31m&amp#27;[1m"4"&amp#27;[0m &amp#27;[90m# StepDef.AddItem.i_should_see_amount_items_on_cart_icon_after_i_add_2_items(java.lang.String)&amp#27;[0m
      &amp#27;[31morg.junit.ComparisonFailure: expected:<[4]> but was:<[3]>
	at org.junit.Assert.assertEquals(Assert.java:117)
	at org.junit.Assert.assertEquals(Assert.java:146)
	at StepDef.AddItem.i_should_see_amount_items_on_cart_icon_after_i_add_2_items(AddItem.java:115)
	at âœ½.I should see amount items on cart icon after i add 2 items "4"(file:///C:/Users/Muharam/IdeaProjects/MuharamAutomationTsting/src/test/resources/Features/AddItem.feature:24)
&amp#27;[0m
]]></system-out>
  </testcase>
  <testcase name="Checkout with one selected items" classname="TestRunner.TestRunner" time="7.701"/>
  <testcase name="Checkout without selected items" classname="TestRunner.TestRunner" time="7.112">
    <failure type="java.lang.AssertionError">java.lang.AssertionError
</failure>
    <system-out><![CDATA[
Scenario Outline: Checkout without selected items        &amp#27;[90m# src/test/resources/Features/CheckOut.feature:14&amp#27;[0m
  &amp#27;[32mGiven &amp#27;[0m&amp#27;[32mI open browser for checkout scenario&amp#27;[0m             &amp#27;[90m# StepDef.CheckOut.i_open_browser_for_checkout_scenario()&amp#27;[0m
  &amp#27;[32mAnd &amp#27;[0m&amp#27;[32mOpen web saucedemo for checkout scenario&amp#27;[0m           &amp#27;[90m# StepDef.CheckOut.open_web_saucedemo_for_checkout_scenario()&amp#27;[0m
  &amp#27;[32mAnd &amp#27;[0m&amp#27;[32mLocated on saucedemo website for checkout scenario&amp#27;[0m &amp#27;[90m# StepDef.CheckOut.located_on_saucedemo_website_for_checkout_scenario()&amp#27;[0m
  &amp#27;[32mAnd &amp#27;[0m&amp#27;[32mI input valid username for checkout scenario&amp#27;[0m       &amp#27;[90m# StepDef.CheckOut.i_input_valid_username_for_checkout_scenario()&amp#27;[0m
  &amp#27;[32mAnd &amp#27;[0m&amp#27;[32mAnd I input valid password for checkout scenario&amp#27;[0m   &amp#27;[90m# StepDef.CheckOut.and_i_input_valid_password_for_checkout_scenario()&amp#27;[0m
  &amp#27;[32mGiven &amp#27;[0m&amp#27;[32mPage catalog product&amp#27;[0m                             &amp#27;[90m# StepDef.CheckOut.page_catalog_product()&amp#27;[0m
  &amp#27;[32mAnd &amp#27;[0m&amp#27;[32mAnd I click icon cart&amp#27;[0m                              &amp#27;[90m# StepDef.CheckOut.and_i_click_icon_cart()&amp#27;[0m
  &amp#27;[31mThen &amp#27;[0m&amp#27;[31mButton checkout must be cannot clicked&amp#27;[0m            &amp#27;[90m# StepDef.CheckOut.button_checkout_must_be_cannot_clicked()&amp#27;[0m
      &amp#27;[31mjava.lang.AssertionError
	at org.junit.Assert.fail(Assert.java:87)
	at org.junit.Assert.assertTrue(Assert.java:42)
	at org.junit.Assert.assertTrue(Assert.java:53)
	at StepDef.CheckOut.button_checkout_must_be_cannot_clicked(CheckOut.java:98)
	at âœ½.Button checkout must be cannot clicked(file:///C:/Users/Muharam/IdeaProjects/MuharamAutomationTsting/src/test/resources/Features/CheckOut.feature:22)
&amp#27;[0m
]]></system-out>
  </testcase>
  <testcase name="Fill form information data use valid data" classname="TestRunner.TestRunner" time="9.633"/>
  <testcase name="Fill form information data use invalid format data postal code" classname="TestRunner.TestRunner" time="8.775">
    <failure type="java.lang.AssertionError">java.lang.AssertionError
</failure>
    <system-out><![CDATA[
Scenario Outline: Fill form information data use invalid format data postal code &amp#27;[90m# src/test/resources/Features/CheckOutInformationData.feature:19&amp#27;[0m
  &amp#27;[32mGiven &amp#27;[0m&amp#27;[32mI open browser for information data scenario&amp#27;[0m                             &amp#27;[90m# StepDef.CheckOutInformationData.iOpenBrowserForInformationDataScenario()&amp#27;[0m
  &amp#27;[32mAnd &amp#27;[0m&amp#27;[32mOpen web saucedemo for information data scenario&amp#27;[0m                           &amp#27;[90m# StepDef.CheckOutInformationData.openWebSaucedemoForInformationDataScenario()&amp#27;[0m
  &amp#27;[32mAnd &amp#27;[0m&amp#27;[32mLocated on saucedemo website for information data scenario&amp#27;[0m                 &amp#27;[90m# StepDef.CheckOutInformationData.locatedOnSaucedemoWebsiteForInformationDataScenario()&amp#27;[0m
  &amp#27;[32mAnd &amp#27;[0m&amp#27;[32mI input valid username for information data scenario&amp#27;[0m                       &amp#27;[90m# StepDef.CheckOutInformationData.iInputValidUsernameForInformationDataScenario()&amp#27;[0m
  &amp#27;[32mAnd &amp#27;[0m&amp#27;[32mAnd I input valid password for information data scenario&amp#27;[0m                   &amp#27;[90m# StepDef.CheckOutInformationData.andIInputValidPasswordForInformationDataScenario()&amp#27;[0m
  &amp#27;[32mGiven &amp#27;[0m&amp#27;[32mI catalog product page&amp#27;[0m                                                   &amp#27;[90m# StepDef.CheckOutInformationData.iCatalogProductPage()&amp#27;[0m
  &amp#27;[32mAnd &amp#27;[0m&amp#27;[32mAnd I add one product to cart&amp#27;[0m                                              &amp#27;[90m# StepDef.CheckOutInformationData.andIAddOneProductToCart()&amp#27;[0m
  &amp#27;[32mAnd &amp#27;[0m&amp#27;[32mI click icon cart&amp#27;[0m                                                          &amp#27;[90m# StepDef.CheckOutInformationData.iClickIconCart()&amp#27;[0m
  &amp#27;[32mAnd &amp#27;[0m&amp#27;[32mI click checkout button&amp#27;[0m                                                    &amp#27;[90m# StepDef.CheckOutInformationData.iClickCheckoutButton()&amp#27;[0m
  &amp#27;[32mAnd &amp#27;[0m&amp#27;[32mI see form information data&amp#27;[0m                                                &amp#27;[90m# StepDef.CheckOutInformationData.iSeeFormInformationData()&amp#27;[0m
  &amp#27;[32mAnd &amp#27;[0m&amp#27;[32mI input valid first name again&amp#27;[0m                                             &amp#27;[90m# StepDef.CheckOutInformationData.iInputValidFirstNameAgain()&amp#27;[0m
  &amp#27;[32mAnd &amp#27;[0m&amp#27;[32mI input valid last name again&amp#27;[0m                                              &amp#27;[90m# StepDef.CheckOutInformationData.iInputValidLastNameAgain()&amp#27;[0m
  &amp#27;[32mAnd &amp#27;[0m&amp#27;[32mI input invalid format data postal code&amp#27;[0m                                    &amp#27;[90m# StepDef.CheckOutInformationData.iInputInvalidFormatDataPostalCode()&amp#27;[0m
  &amp#27;[31mThen &amp#27;[0m&amp#27;[31mButton must be cannot clicked&amp#27;[0m                                             &amp#27;[90m# StepDef.CheckOutInformationData.ButtonCannotClick()&amp#27;[0m
      &amp#27;[31mjava.lang.AssertionError
	at org.junit.Assert.fail(Assert.java:87)
	at org.junit.Assert.assertTrue(Assert.java:42)
	at org.junit.Assert.assertTrue(Assert.java:53)
	at StepDef.CheckOutInformationData.ButtonCannotClick(CheckOutInformationData.java:142)
	at âœ½.Button must be cannot clicked(file:///C:/Users/Muharam/IdeaProjects/MuharamAutomationTsting/src/test/resources/Features/CheckOutInformationData.feature:33)
&amp#27;[0m
]]></system-out>
  </testcase>
  <testcase name="Failed Login with empty username" classname="TestRunner.TestRunner" time="10.884"/>
  <testcase name="Success Login" classname="TestRunner.TestRunner" time="6.557"/>
</testsuite>